<?xml version="1.0" encoding="UTF-8"?>
<testsuite xmlns:xsi="http://www.w3.org/2001/XMLSchema-instance" xsi:noNamespaceSchemaLocation="https://maven.apache.org/surefire/maven-surefire-plugin/xsd/surefire-test-report-3.0.xsd" version="3.0" name="com.weather_app.server.ServerApplicationTests" time="14.88" tests="1" errors="0" skipped="0" failures="0">
  <properties>
[...]
</properties>
  <testcase name="contextLoads" classname="com.weather_app.server.ServerApplicationTests" time="2.83">
    <system-out><![CDATA[13:08:14.709 [main] INFO org.springframework.test.context.support.AnnotationConfigContextLoaderUtils -- Could not detect default configuration classes for test class [com.weather_app.server.ServerApplicationTests]: ServerApplicationTests does not declare any static, non-private, non-final, nested classes annotated with @Configuration.
13:08:15.131 [main] INFO org.springframework.boot.test.context.SpringBootTestContextBootstrapper -- Found @SpringBootConfiguration com.weather_app.ServerApplication for test class com.weather_app.server.ServerApplicationTests

  .   ____          _            __ _ _
 /\\ / ___'_ __ _ _(_)_ __  __ _ \ \ \ \
( ( )\___ | '_ | '_| | '_ \/ _` | \ \ \ \
 \\/  ___)| |_)| | | | | || (_| |  ) ) ) )
  '  |____| .__|_| |_|_| |_\__, | / / / /
 =========|_|==============|___/=/_/_/_/

 :: Spring Boot ::                (v3.3.2)

2024-12-27T13:08:16.629-03:00  INFO 8828 --- [server] [           main] c.w.server.ServerApplicationTests        : Starting ServerApplicationTests using Java 17.0.12 with PID 8828 (started by USUARIO in C:\mateus\weather-app\server)
2024-12-27T13:08:16.648-03:00  INFO 8828 --- [server] [           main] c.w.server.ServerApplicationTests        : No active profile set, falling back to 1 default profile: "default"
2024-12-27T13:08:22.963-03:00  WARN 8828 --- [server] [           main] .s.s.UserDetailsServiceAutoConfiguration : 

Using generated security password: bf0fcf5e-9490-4438-9649-e74d265030d0

This generated password is for development use only. Your security configuration must be updated before running your application in production.

2024-12-27T13:08:23.081-03:00  INFO 8828 --- [server] [           main] r$InitializeUserDetailsManagerConfigurer : Global AuthenticationManager configured with UserDetailsService bean with name inMemoryUserDetailsManager
2024-12-27T13:08:24.248-03:00  INFO 8828 --- [server] [           main] o.s.b.a.e.web.EndpointLinksResolver      : Exposing 1 endpoint beneath base path '/actuator'
2024-12-27T13:08:26.013-03:00  INFO 8828 --- [server] [           main] c.w.server.ServerApplicationTests        : Started ServerApplicationTests in 10.353 seconds (process running for 13.821)
]]></system-out>
  </testcase>
</testsuite>